# JRE version: Java(TM) SE Runtime Environment (8.0_131-b11) (build 1.8.0_131-b11)
# Java VM: Java HotSpot(TM) 64-Bit Server VM (25.131-b11 mixed mode windows-amd64 compressed oops)
Heap:
 PSYoungGen      total 215552K, used 215497K [0x00000000f0000000, 0x0000000100000000, 0x0000000100000000)
  eden space 180224K, 100% used [0x00000000f0000000,0x00000000fb000000,0x00000000fb000000)
  from space 35328K, 99% used [0x00000000fb000000,0x00000000fd2725b8,0x00000000fd280000)
  to   space 44544K, 76% used [0x00000000fd480000,0x00000000ff594298,0x0000000100000000)
 ParOldGen       total 524288K, used 80253K [0x00000000d0000000, 0x00000000f0000000, 0x00000000f0000000)
  object space 524288K, 15% used [0x00000000d0000000,0x00000000d4e5f5c8,0x00000000f0000000)
 Metaspace       used 69765K, capacity 72514K, committed 72728K, reserved 1112064K
  class space    used 8768K, capacity 9489K, committed 9520K, reserved 1048576K
GC Heap History (10 events):
Event: 19.646 GC heap after
Heap after GC invocations=22 (full 3):
 PSYoungGen      total 223232K, used 20425K [0x00000000f0000000, 0x0000000100000000, 0x0000000100000000)
  eden space 185856K, 0% used [0x00000000f0000000,0x00000000f0000000,0x00000000fb580000)
  from space 37376K, 54% used [0x00000000fb580000,0x00000000fc972528,0x00000000fda00000)
  to   space 36864K, 0% used [0x00000000fdc00000,0x00000000fdc00000,0x0000000100000000)
 ParOldGen       total 524288K, used 80229K [0x00000000d0000000, 0x00000000f0000000, 0x00000000f0000000)
  object space 524288K, 15% used [0x00000000d0000000,0x00000000d4e595c8,0x00000000f0000000)
 Metaspace       used 61702K, capacity 62972K, committed 63128K, reserved 1103872K
  class space    used 7462K, capacity 7813K, committed 7856K, reserved 1048576K
}
Event: 21.438 GC heap before
{Heap before GC invocations=23 (full 3):
 PSYoungGen      total 223232K, used 206281K [0x00000000f0000000, 0x0000000100000000, 0x0000000100000000)
  eden space 185856K, 100% used [0x00000000f0000000,0x00000000fb580000,0x00000000fb580000)
  from space 37376K, 54% used [0x00000000fb580000,0x00000000fc972528,0x00000000fda00000)
  to   space 36864K, 0% used [0x00000000fdc00000,0x00000000fdc00000,0x0000000100000000)
 ParOldGen       total 524288K, used 80229K [0x00000000d0000000, 0x00000000f0000000, 0x00000000f0000000)
  object space 524288K, 15% used [0x00000000d0000000,0x00000000d4e595c8,0x00000000f0000000)
 Metaspace       used 63036K, capacity 64376K, committed 64664K, reserved 1105920K
  class space    used 7664K, capacity 8031K, committed 8112K, reserved 1048576K
Event: 21.506 GC heap after
Heap after GC invocations=23 (full 3):
 PSYoungGen      total 224256K, used 24527K [0x00000000f0000000, 0x0000000100000000, 0x0000000100000000)
  eden space 187392K, 0% used [0x00000000f0000000,0x00000000f0000000,0x00000000fb700000)
  from space 36864K, 66% used [0x00000000fdc00000,0x00000000ff3f3e58,0x0000000100000000)
  to   space 37376K, 0% used [0x00000000fb700000,0x00000000fb700000,0x00000000fdb80000)
 ParOldGen       total 524288K, used 80229K [0x00000000d0000000, 0x00000000f0000000, 0x00000000f0000000)
  object space 524288K, 15% used [0x00000000d0000000,0x00000000d4e595c8,0x00000000f0000000)
 Metaspace       used 63036K, capacity 64376K, committed 64664K, reserved 1105920K
  class space    used 7664K, capacity 8031K, committed 8112K, reserved 1048576K
}
Event: 24.308 GC heap before
{Heap before GC invocations=24 (full 3):
 PSYoungGen      total 224256K, used 211919K [0x00000000f0000000, 0x0000000100000000, 0x0000000100000000)
  eden space 187392K, 100% used [0x00000000f0000000,0x00000000fb700000,0x00000000fb700000)
  from space 36864K, 66% used [0x00000000fdc00000,0x00000000ff3f3e58,0x0000000100000000)
  to   space 37376K, 0% used [0x00000000fb700000,0x00000000fb700000,0x00000000fdb80000)
 ParOldGen       total 524288K, used 80229K [0x00000000d0000000, 0x00000000f0000000, 0x00000000f0000000)
  object space 524288K, 15% used [0x00000000d0000000,0x00000000d4e595c8,0x00000000f0000000)
 Metaspace       used 66594K, capacity 68156K, committed 68248K, reserved 1110016K
  class space    used 8149K, capacity 8581K, committed 8624K, reserved 1048576K
Event: 24.373 GC heap after
Heap after GC invocations=24 (full 3):
 PSYoungGen      total 214528K, used 26667K [0x00000000f0000000, 0x0000000100000000, 0x0000000100000000)
  eden space 187392K, 0% used [0x00000000f0000000,0x00000000f0000000,0x00000000fb700000)
  from space 27136K, 98% used [0x00000000fb700000,0x00000000fd10aec0,0x00000000fd180000)
  to   space 38912K, 0% used [0x00000000fda00000,0x00000000fda00000,0x0000000100000000)
 ParOldGen       total 524288K, used 80229K [0x00000000d0000000, 0x00000000f0000000, 0x00000000f0000000)
  object space 524288K, 15% used [0x00000000d0000000,0x00000000d4e595c8,0x00000000f0000000)
 Metaspace       used 66594K, capacity 68156K, committed 68248K, reserved 1110016K
  class space    used 8149K, capacity 8581K, committed 8624K, reserved 1048576K
}
Event: 26.166 GC heap before
{Heap before GC invocations=25 (full 3):
 PSYoungGen      total 214528K, used 214059K [0x00000000f0000000, 0x0000000100000000, 0x0000000100000000)
  eden space 187392K, 100% used [0x00000000f0000000,0x00000000fb700000,0x00000000fb700000)
  from space 27136K, 98% used [0x00000000fb700000,0x00000000fd10aec0,0x00000000fd180000)
  to   space 38912K, 0% used [0x00000000fda00000,0x00000000fda00000,0x0000000100000000)
 ParOldGen       total 524288K, used 80229K [0x00000000d0000000, 0x00000000f0000000, 0x00000000f0000000)
  object space 524288K, 15% used [0x00000000d0000000,0x00000000d4e595c8,0x00000000f0000000)
 Metaspace       used 67779K, capacity 69654K, committed 69912K, reserved 1110016K
  class space    used 8384K, capacity 8925K, committed 9008K, reserved 1048576K
Event: 26.253 GC heap after
Heap after GC invocations=25 (full 3):
 PSYoungGen      total 219136K, used 30076K [0x00000000f0000000, 0x0000000100000000, 0x0000000100000000)
  eden space 180224K, 0% used [0x00000000f0000000,0x00000000f0000000,0x00000000fb000000)
  from space 38912K, 77% used [0x00000000fda00000,0x00000000ff75f320,0x0000000100000000)
  to   space 40960K, 0% used [0x00000000fb000000,0x00000000fb000000,0x00000000fd800000)
 ParOldGen       total 524288K, used 80237K [0x00000000d0000000, 0x00000000f0000000, 0x00000000f0000000)
  object space 524288K, 15% used [0x00000000d0000000,0x00000000d4e5b5c8,0x00000000f0000000)
 Metaspace       used 67779K, capacity 69654K, committed 69912K, reserved 1110016K
  class space    used 8384K, capacity 8925K, committed 9008K, reserved 1048576K
}
Event: 385.732 GC heap before
{Heap before GC invocations=26 (full 3):
 PSYoungGen      total 219136K, used 210300K [0x00000000f0000000, 0x0000000100000000, 0x0000000100000000)
  eden space 180224K, 100% used [0x00000000f0000000,0x00000000fb000000,0x00000000fb000000)
  from space 38912K, 77% used [0x00000000fda00000,0x00000000ff75f320,0x0000000100000000)
  to   space 40960K, 0% used [0x00000000fb000000,0x00000000fb000000,0x00000000fd800000)
 ParOldGen       total 524288K, used 80237K [0x00000000d0000000, 0x00000000f0000000, 0x00000000f0000000)
  object space 524288K, 15% used [0x00000000d0000000,0x00000000d4e5b5c8,0x00000000f0000000)
 Metaspace       used 69165K, capacity 71632K, committed 71832K, reserved 1112064K
  class space    used 8631K, capacity 9286K, committed 9392K, reserved 1048576K
Event: 385.854 GC heap after
Heap after GC invocations=26 (full 3):
 PSYoungGen      total 215552K, used 35273K [0x00000000f0000000, 0x0000000100000000, 0x0000000100000000)
  eden space 180224K, 0% used [0x00000000f0000000,0x00000000f0000000,0x00000000fb000000)
  from space 35328K, 99% used [0x00000000fb000000,0x00000000fd2725b8,0x00000000fd280000)
  to   space 44544K, 0% used [0x00000000fd480000,0x00000000fd480000,0x0000000100000000)
 ParOldGen       total 524288K, used 80245K [0x00000000d0000000, 0x00000000f0000000, 0x00000000f0000000)
  object space 524288K, 15% used [0x00000000d0000000,0x00000000d4e5d5c8,0x00000000f0000000)
 Metaspace       used 69165K, capacity 71632K, committed 71832K, reserved 1112064K
  class space    used 8631K, capacity 9286K, committed 9392K, reserved 1048576K
}
Event: 11597.931 GC heap before
{Heap before GC invocations=27 (full 3):
 PSYoungGen      total 215552K, used 215497K [0x00000000f0000000, 0x0000000100000000, 0x0000000100000000)
  eden space 180224K, 100% used [0x00000000f0000000,0x00000000fb000000,0x00000000fb000000)
  from space 35328K, 99% used [0x00000000fb000000,0x00000000fd2725b8,0x00000000fd280000)
  to   space 44544K, 0% used [0x00000000fd480000,0x00000000fd480000,0x0000000100000000)
 ParOldGen       total 524288K, used 80245K [0x00000000d0000000, 0x00000000f0000000, 0x00000000f0000000)
  object space 524288K, 15% used [0x00000000d0000000,0x00000000d4e5d5c8,0x00000000f0000000)
 Metaspace       used 69765K, capacity 72514K, committed 72728K, reserved 1112064K
  class space    used 8768K, capacity 9489K, committed 9520K, reserved 1048576K

